<?xml version="1.0" encoding="UTF-8"?>
<testsuite xmlns:xsi="http://www.w3.org/2001/XMLSchema-instance" xsi:noNamespaceSchemaLocation="https://maven.apache.org/surefire/maven-surefire-plugin/xsd/surefire-test-report.xsd" name="com.example.introTdd.AppTest" time="0.038" tests="11" errors="0" skipped="0" failures="0">
  <properties>
[...]
</properties>
  <testcase name="shouldAnswerWithTrue" classname="com.example.introTdd.AppTest" time="0.002"/>
  <testcase name="calculatorShouldSubtract" classname="com.example.introTdd.AppTest" time="0.003"/>
  <testcase name="calculatorShouldSum" classname="com.example.introTdd.AppTest" time="0.001"/>
  <testcase name="calculatorShouldDivide" classname="com.example.introTdd.AppTest" time="0"/>
  <testcase name="calculatorShouldMultiply2" classname="com.example.introTdd.AppTest" time="0"/>
  <testcase name="calculatorShouldMultiply3" classname="com.example.introTdd.AppTest" time="0"/>
  <testcase name="calculatorShouldSum2" classname="com.example.introTdd.AppTest" time="0"/>
  <testcase name="calculatorShouldMultiply" classname="com.example.introTdd.AppTest" time="0"/>
  <testcase name="calculatorShouldDivide2" classname="com.example.introTdd.AppTest" time="0.001"/>
  <testcase name="calculatorShouldDivide3" classname="com.example.introTdd.AppTest" time="0"/>
  <testcase name="calculatorShouldSubtract2" classname="com.example.introTdd.AppTest" time="0"/>
</testsuite>