<?xml version="1.0" encoding="UTF-8"?>
<testsuite xmlns:xsi="http://www.w3.org/2001/XMLSchema-instance" xsi:noNamespaceSchemaLocation="https://maven.apache.org/surefire/maven-surefire-plugin/xsd/surefire-test-report.xsd" name="com.example.ArabiRomani.AppTest" time="0.02" tests="8" errors="0" skipped="0" failures="0">
  <properties>
[...]
</properties>
  <testcase name="shouldAnswerWithTrue" classname="com.example.ArabiRomani.AppTest" time="0.001"/>
  <testcase name="shouldBeRoman" classname="com.example.ArabiRomani.AppTest" time="0"/>
  <testcase name="shouldBeRoman1" classname="com.example.ArabiRomani.AppTest" time="0"/>
  <testcase name="shouldBeRoman2" classname="com.example.ArabiRomani.AppTest" time="0"/>
  <testcase name="shouldBeRoman3" classname="com.example.ArabiRomani.AppTest" time="0"/>
  <testcase name="shouldBeRoman4" classname="com.example.ArabiRomani.AppTest" time="0"/>
  <testcase name="shouldBeRoman5" classname="com.example.ArabiRomani.AppTest" time="0.001"/>
  <testcase name="shouldBeRoman6" classname="com.example.ArabiRomani.AppTest" time="0"/>
</testsuite>